[0507/065625.187:ERROR:process_reader_win.cc(123)] NtOpenThread: {Отказано в доступе} Процесс запросил доступ к объекту, но права на доступ не предоставлены. (0xc0000022)
[0507/065625.211:ERROR:exception_snapshot_win.cc(98)] thread ID 10592 not found in process
[0507/065625.444:ERROR:process_reader_win.cc(123)] NtOpenThread: {Отказано в доступе} Процесс запросил доступ к объекту, но права на доступ не предоставлены. (0xc0000022)
[0507/065625.444:ERROR:exception_snapshot_win.cc(98)] thread ID 6996 not found in process
[0507/070213.760:ERROR:process_reader_win.cc(123)] NtOpenThread: {Отказано в доступе} Процесс запросил доступ к объекту, но права на доступ не предоставлены. (0xc0000022)
[0507/070213.775:ERROR:exception_snapshot_win.cc(98)] thread ID 5976 not found in process
[0507/070214.038:ERROR:process_reader_win.cc(123)] NtOpenThread: {Отказано в доступе} Процесс запросил доступ к объекту, но права на доступ не предоставлены. (0xc0000022)
[0507/070214.038:ERROR:exception_snapshot_win.cc(98)] thread ID 9176 not found in process
[0507/072419.334:ERROR:process_reader_win.cc(123)] NtOpenThread: {Отказано в доступе} Процесс запросил доступ к объекту, но права на доступ не предоставлены. (0xc0000022)
[0507/072419.386:ERROR:exception_snapshot_win.cc(98)] thread ID 3284 not found in process
[0507/072419.708:ERROR:process_reader_win.cc(123)] NtOpenThread: {Отказано в доступе} Процесс запросил доступ к объекту, но права на доступ не предоставлены. (0xc0000022)
[0507/072419.708:ERROR:exception_snapshot_win.cc(98)] thread ID 10524 not found in process
[0507/074650.180:ERROR:process_reader_win.cc(123)] NtOpenThread: {Отказано в доступе} Процесс запросил доступ к объекту, но права на доступ не предоставлены. (0xc0000022)
[0507/074650.233:ERROR:exception_snapshot_win.cc(98)] thread ID 9548 not found in process
[0507/074650.707:ERROR:process_reader_win.cc(123)] NtOpenThread: {Отказано в доступе} Процесс запросил доступ к объекту, но права на доступ не предоставлены. (0xc0000022)
[0507/074650.707:ERROR:exception_snapshot_win.cc(98)] thread ID 8036 not found in process
[0507/081031.823:ERROR:process_reader_win.cc(123)] NtOpenThread: {Отказано в доступе} Процесс запросил доступ к объекту, но права на доступ не предоставлены. (0xc0000022)
[0507/081031.874:ERROR:exception_snapshot_win.cc(98)] thread ID 11944 not found in process
[0507/081032.155:ERROR:process_reader_win.cc(123)] NtOpenThread: {Отказано в доступе} Процесс запросил доступ к объекту, но права на доступ не предоставлены. (0xc0000022)
[0507/081032.155:ERROR:exception_snapshot_win.cc(98)] thread ID 7688 not found in process
[0507/082726.438:ERROR:process_reader_win.cc(123)] NtOpenThread: {Отказано в доступе} Процесс запросил доступ к объекту, но права на доступ не предоставлены. (0xc0000022)
[0507/082726.490:ERROR:exception_snapshot_win.cc(98)] thread ID 10428 not found in process
[0507/082726.780:ERROR:process_reader_win.cc(123)] NtOpenThread: {Отказано в доступе} Процесс запросил доступ к объекту, но права на доступ не предоставлены. (0xc0000022)
[0507/082726.780:ERROR:exception_snapshot_win.cc(98)] thread ID 5552 not found in process
[0507/083423.549:ERROR:process_reader_win.cc(123)] NtOpenThread: {Отказано в доступе} Процесс запросил доступ к объекту, но права на доступ не предоставлены. (0xc0000022)
[0507/083423.551:ERROR:exception_snapshot_win.cc(98)] thread ID 11488 not found in process
[0507/083423.632:ERROR:process_reader_win.cc(123)] NtOpenThread: {Отказано в доступе} Процесс запросил доступ к объекту, но права на доступ не предоставлены. (0xc0000022)
[0507/083423.632:ERROR:exception_snapshot_win.cc(98)] thread ID 9400 not found in process
[0507/083745.919:ERROR:process_reader_win.cc(123)] NtOpenThread: {Отказано в доступе} Процесс запросил доступ к объекту, но права на доступ не предоставлены. (0xc0000022)
[0507/083745.925:ERROR:exception_snapshot_win.cc(98)] thread ID 7476 not found in process
[0507/083745.996:ERROR:process_reader_win.cc(123)] NtOpenThread: {Отказано в доступе} Процесс запросил доступ к объекту, но права на доступ не предоставлены. (0xc0000022)
[0507/083745.997:ERROR:exception_snapshot_win.cc(98)] thread ID 11968 not found in process
[0507/083747.527:ERROR:process_reader_win.cc(123)] NtOpenThread: {Отказано в доступе} Процесс запросил доступ к объекту, но права на доступ не предоставлены. (0xc0000022)
[0507/083747.529:ERROR:exception_snapshot_win.cc(98)] thread ID 10964 not found in process
[0507/083747.606:ERROR:process_reader_win.cc(123)] NtOpenThread: {Отказано в доступе} Процесс запросил доступ к объекту, но права на доступ не предоставлены. (0xc0000022)
[0507/083747.607:ERROR:exception_snapshot_win.cc(98)] thread ID 5636 not found in process
[0507/084011.175:ERROR:process_reader_win.cc(123)] NtOpenThread: {Отказано в доступе} Процесс запросил доступ к объекту, но права на доступ не предоставлены. (0xc0000022)
[0507/084011.178:ERROR:exception_snapshot_win.cc(98)] thread ID 8440 not found in process
[0507/084011.269:ERROR:process_reader_win.cc(123)] NtOpenThread: {Отказано в доступе} Процесс запросил доступ к объекту, но права на доступ не предоставлены. (0xc0000022)
[0507/084011.269:ERROR:exception_snapshot_win.cc(98)] thread ID 7496 not found in process
[0507/084654.444:ERROR:process_reader_win.cc(123)] NtOpenThread: {Отказано в доступе} Процесс запросил доступ к объекту, но права на доступ не предоставлены. (0xc0000022)
[0507/084654.446:ERROR:exception_snapshot_win.cc(98)] thread ID 6356 not found in process
[0507/084654.526:ERROR:process_reader_win.cc(123)] NtOpenThread: {Отказано в доступе} Процесс запросил доступ к объекту, но права на доступ не предоставлены. (0xc0000022)
[0507/084654.527:ERROR:exception_snapshot_win.cc(98)] thread ID 6692 not found in process
[0507/084655.978:ERROR:process_reader_win.cc(123)] NtOpenThread: {Отказано в доступе} Процесс запросил доступ к объекту, но права на доступ не предоставлены. (0xc0000022)
[0507/084655.980:ERROR:exception_snapshot_win.cc(98)] thread ID 8688 not found in process
[0507/084656.063:ERROR:process_reader_win.cc(123)] NtOpenThread: {Отказано в доступе} Процесс запросил доступ к объекту, но права на доступ не предоставлены. (0xc0000022)
[0507/084656.063:ERROR:exception_snapshot_win.cc(98)] thread ID 9660 not found in process
[0507/084831.890:ERROR:process_reader_win.cc(123)] NtOpenThread: {Отказано в доступе} Процесс запросил доступ к объекту, но права на доступ не предоставлены. (0xc0000022)
[0507/084831.893:ERROR:exception_snapshot_win.cc(98)] thread ID 9124 not found in process
[0507/084831.973:ERROR:process_reader_win.cc(123)] NtOpenThread: {Отказано в доступе} Процесс запросил доступ к объекту, но права на доступ не предоставлены. (0xc0000022)
[0507/084831.973:ERROR:exception_snapshot_win.cc(98)] thread ID 6412 not found in process
[0507/085038.802:ERROR:process_reader_win.cc(123)] NtOpenThread: {Отказано в доступе} Процесс запросил доступ к объекту, но права на доступ не предоставлены. (0xc0000022)
[0507/085038.804:ERROR:exception_snapshot_win.cc(98)] thread ID 3484 not found in process
[0507/085038.885:ERROR:process_reader_win.cc(123)] NtOpenThread: {Отказано в доступе} Процесс запросил доступ к объекту, но права на доступ не предоставлены. (0xc0000022)
[0507/085038.885:ERROR:exception_snapshot_win.cc(98)] thread ID 10960 not found in process
[0507/085226.880:ERROR:process_reader_win.cc(123)] NtOpenThread: {Отказано в доступе} Процесс запросил доступ к объекту, но права на доступ не предоставлены. (0xc0000022)
[0507/085226.883:ERROR:exception_snapshot_win.cc(98)] thread ID 836 not found in process
[0507/085226.972:ERROR:process_reader_win.cc(123)] NtOpenThread: {Отказано в доступе} Процесс запросил доступ к объекту, но права на доступ не предоставлены. (0xc0000022)
[0507/085226.973:ERROR:exception_snapshot_win.cc(98)] thread ID 10764 not found in process
[0507/085412.947:ERROR:process_reader_win.cc(123)] NtOpenThread: {Отказано в доступе} Процесс запросил доступ к объекту, но права на доступ не предоставлены. (0xc0000022)
[0507/085412.949:ERROR:exception_snapshot_win.cc(98)] thread ID 1252 not found in process
[0507/085413.037:ERROR:process_reader_win.cc(123)] NtOpenThread: {Отказано в доступе} Процесс запросил доступ к объекту, но права на доступ не предоставлены. (0xc0000022)
[0507/085413.038:ERROR:exception_snapshot_win.cc(98)] thread ID 10812 not found in process
[0507/085700.737:ERROR:process_reader_win.cc(123)] NtOpenThread: {Отказано в доступе} Процесс запросил доступ к объекту, но права на доступ не предоставлены. (0xc0000022)
[0507/085700.739:ERROR:exception_snapshot_win.cc(98)] thread ID 10556 not found in process
[0507/085700.820:ERROR:process_reader_win.cc(123)] NtOpenThread: {Отказано в доступе} Процесс запросил доступ к объекту, но права на доступ не предоставлены. (0xc0000022)
[0507/085700.821:ERROR:exception_snapshot_win.cc(98)] thread ID 10136 not found in process
[0507/090023.034:ERROR:process_reader_win.cc(123)] NtOpenThread: {Отказано в доступе} Процесс запросил доступ к объекту, но права на доступ не предоставлены. (0xc0000022)
[0507/090023.036:ERROR:exception_snapshot_win.cc(98)] thread ID 5804 not found in process
[0507/090023.108:ERROR:process_reader_win.cc(123)] NtOpenThread: {Отказано в доступе} Процесс запросил доступ к объекту, но права на доступ не предоставлены. (0xc0000022)
[0507/090023.108:ERROR:exception_snapshot_win.cc(98)] thread ID 12252 not found in process
[0507/090255.858:ERROR:process_reader_win.cc(123)] NtOpenThread: {Отказано в доступе} Процесс запросил доступ к объекту, но права на доступ не предоставлены. (0xc0000022)
[0507/090255.861:ERROR:exception_snapshot_win.cc(98)] thread ID 11880 not found in process
[0507/090255.939:ERROR:process_reader_win.cc(123)] NtOpenThread: {Отказано в доступе} Процесс запросил доступ к объекту, но права на доступ не предоставлены. (0xc0000022)
[0507/090255.939:ERROR:exception_snapshot_win.cc(98)] thread ID 7916 not found in process
[0507/091023.851:ERROR:process_reader_win.cc(123)] NtOpenThread: {Отказано в доступе} Процесс запросил доступ к объекту, но права на доступ не предоставлены. (0xc0000022)
[0507/091023.853:ERROR:exception_snapshot_win.cc(98)] thread ID 7812 not found in process
[0507/091023.919:ERROR:process_reader_win.cc(123)] NtOpenThread: {Отказано в доступе} Процесс запросил доступ к объекту, но права на доступ не предоставлены. (0xc0000022)
[0507/091023.919:ERROR:exception_snapshot_win.cc(98)] thread ID 11132 not found in process
[0507/091222.526:ERROR:process_reader_win.cc(123)] NtOpenThread: {Отказано в доступе} Процесс запросил доступ к объекту, но права на доступ не предоставлены. (0xc0000022)
[0507/091222.529:ERROR:exception_snapshot_win.cc(98)] thread ID 11396 not found in process
[0507/091222.621:ERROR:process_reader_win.cc(123)] NtOpenThread: {Отказано в доступе} Процесс запросил доступ к объекту, но права на доступ не предоставлены. (0xc0000022)
[0507/091222.621:ERROR:exception_snapshot_win.cc(98)] thread ID 6192 not found in process
[0507/091442.235:ERROR:process_reader_win.cc(123)] NtOpenThread: {Отказано в доступе} Процесс запросил доступ к объекту, но права на доступ не предоставлены. (0xc0000022)
[0507/091442.237:ERROR:exception_snapshot_win.cc(98)] thread ID 3400 not found in process
[0507/091442.312:ERROR:process_reader_win.cc(123)] NtOpenThread: {Отказано в доступе} Процесс запросил доступ к объекту, но права на доступ не предоставлены. (0xc0000022)
[0507/091442.312:ERROR:exception_snapshot_win.cc(98)] thread ID 4056 not found in process
[0507/092458.615:ERROR:process_reader_win.cc(123)] NtOpenThread: {Отказано в доступе} Процесс запросил доступ к объекту, но права на доступ не предоставлены. (0xc0000022)
[0507/092458.650:ERROR:exception_snapshot_win.cc(98)] thread ID 8424 not found in process
[0507/092458.956:ERROR:process_reader_win.cc(123)] NtOpenThread: {Отказано в доступе} Процесс запросил доступ к объекту, но права на доступ не предоставлены. (0xc0000022)
[0507/092458.956:ERROR:exception_snapshot_win.cc(98)] thread ID 5388 not found in process
[0507/093421.314:ERROR:process_reader_win.cc(151)] SuspendThread: Отказано в доступе. (0x5)
[0507/093421.350:ERROR:process_reader_win.cc(123)] NtOpenThread: {Отказано в доступе} Процесс запросил доступ к объекту, но права на доступ не предоставлены. (0xc0000022)
[0507/093421.363:ERROR:exception_snapshot_win.cc(98)] thread ID 4608 not found in process
[0507/093421.564:ERROR:process_reader_win.cc(151)] SuspendThread: Отказано в доступе. (0x5)
[0507/093421.564:ERROR:process_reader_win.cc(151)] SuspendThread: Отказано в доступе. (0x5)
[0507/093421.564:ERROR:process_reader_win.cc(151)] SuspendThread: Отказано в доступе. (0x5)
[0507/093421.564:ERROR:process_reader_win.cc(151)] SuspendThread: Отказано в доступе. (0x5)
[0507/093421.564:ERROR:process_reader_win.cc(123)] NtOpenThread: {Отказано в доступе} Процесс запросил доступ к объекту, но права на доступ не предоставлены. (0xc0000022)
[0507/093421.564:ERROR:exception_snapshot_win.cc(98)] thread ID 6224 not found in process
[0507/094053.651:ERROR:process_reader_win.cc(123)] NtOpenThread: {Отказано в доступе} Процесс запросил доступ к объекту, но права на доступ не предоставлены. (0xc0000022)
[0507/094053.674:ERROR:exception_snapshot_win.cc(98)] thread ID 10388 not found in process
[0507/094053.824:ERROR:process_reader_win.cc(123)] NtOpenThread: {Отказано в доступе} Процесс запросил доступ к объекту, но права на доступ не предоставлены. (0xc0000022)
[0507/094053.824:ERROR:exception_snapshot_win.cc(98)] thread ID 11032 not found in process
[0507/094055.509:ERROR:process_reader_win.cc(123)] NtOpenThread: {Отказано в доступе} Процесс запросил доступ к объекту, но права на доступ не предоставлены. (0xc0000022)
[0507/094055.528:ERROR:exception_snapshot_win.cc(98)] thread ID 7420 not found in process
[0507/094055.612:ERROR:process_reader_win.cc(123)] NtOpenThread: {Отказано в доступе} Процесс запросил доступ к объекту, но права на доступ не предоставлены. (0xc0000022)
[0507/094055.613:ERROR:exception_snapshot_win.cc(98)] thread ID 9368 not found in process
[0507/094354.710:ERROR:process_reader_win.cc(123)] NtOpenThread: {Отказано в доступе} Процесс запросил доступ к объекту, но права на доступ не предоставлены. (0xc0000022)
[0507/094354.713:ERROR:exception_snapshot_win.cc(98)] thread ID 6324 not found in process
[0507/094354.798:ERROR:process_reader_win.cc(123)] NtOpenThread: {Отказано в доступе} Процесс запросил доступ к объекту, но права на доступ не предоставлены. (0xc0000022)
[0507/094354.798:ERROR:exception_snapshot_win.cc(98)] thread ID 4984 not found in process
[0507/094758.470:ERROR:process_reader_win.cc(123)] NtOpenThread: {Отказано в доступе} Процесс запросил доступ к объекту, но права на доступ не предоставлены. (0xc0000022)
[0507/094758.498:ERROR:exception_snapshot_win.cc(98)] thread ID 12232 not found in process
[0507/094758.597:ERROR:process_reader_win.cc(123)] NtOpenThread: {Отказано в доступе} Процесс запросил доступ к объекту, но права на доступ не предоставлены. (0xc0000022)
[0507/094758.597:ERROR:exception_snapshot_win.cc(98)] thread ID 4540 not found in process
[0507/094803.440:ERROR:process_reader_win.cc(123)] NtOpenThread: {Отказано в доступе} Процесс запросил доступ к объекту, но права на доступ не предоставлены. (0xc0000022)
[0507/094803.443:ERROR:exception_snapshot_win.cc(98)] thread ID 6660 not found in process
[0507/094803.536:ERROR:process_reader_win.cc(123)] NtOpenThread: {Отказано в доступе} Процесс запросил доступ к объекту, но права на доступ не предоставлены. (0xc0000022)
[0507/094803.536:ERROR:exception_snapshot_win.cc(98)] thread ID 6632 not found in process
[0507/095419.832:ERROR:process_reader_win.cc(123)] NtOpenThread: {Отказано в доступе} Процесс запросил доступ к объекту, но права на доступ не предоставлены. (0xc0000022)
[0507/095419.855:ERROR:exception_snapshot_win.cc(98)] thread ID 11504 not found in process
[0507/095419.941:ERROR:process_reader_win.cc(123)] NtOpenThread: {Отказано в доступе} Процесс запросил доступ к объекту, но права на доступ не предоставлены. (0xc0000022)
[0507/095419.941:ERROR:exception_snapshot_win.cc(98)] thread ID 8928 not found in process
[0507/095421.653:ERROR:process_reader_win.cc(123)] NtOpenThread: {Отказано в доступе} Процесс запросил доступ к объекту, но права на доступ не предоставлены. (0xc0000022)
[0507/095421.655:ERROR:exception_snapshot_win.cc(98)] thread ID 10200 not found in process
[0507/095421.740:ERROR:process_reader_win.cc(123)] NtOpenThread: {Отказано в доступе} Процесс запросил доступ к объекту, но права на доступ не предоставлены. (0xc0000022)
[0507/095421.740:ERROR:exception_snapshot_win.cc(98)] thread ID 5928 not found in process
[0507/095632.669:ERROR:process_reader_win.cc(123)] NtOpenThread: {Отказано в доступе} Процесс запросил доступ к объекту, но права на доступ не предоставлены. (0xc0000022)
[0507/095632.672:ERROR:exception_snapshot_win.cc(98)] thread ID 11952 not found in process
[0507/095632.759:ERROR:process_reader_win.cc(123)] NtOpenThread: {Отказано в доступе} Процесс запросил доступ к объекту, но права на доступ не предоставлены. (0xc0000022)
[0507/095632.760:ERROR:exception_snapshot_win.cc(98)] thread ID 1820 not found in process
[0507/114311.285:ERROR:process_reader_win.cc(123)] NtOpenThread: {Отказано в доступе} Процесс запросил доступ к объекту, но права на доступ не предоставлены. (0xc0000022)
[0507/114311.469:ERROR:exception_snapshot_win.cc(98)] thread ID 4352 not found in process
[0507/114311.664:ERROR:process_reader_win.cc(123)] NtOpenThread: {Отказано в доступе} Процесс запросил доступ к объекту, но права на доступ не предоставлены. (0xc0000022)
[0507/114311.664:ERROR:exception_snapshot_win.cc(98)] thread ID 8988 not found in process
[0507/114654.540:ERROR:process_reader_win.cc(123)] NtOpenThread: {Отказано в доступе} Процесс запросил доступ к объекту, но права на доступ не предоставлены. (0xc0000022)
[0507/114654.560:ERROR:exception_snapshot_win.cc(98)] thread ID 460 not found in process
[0507/114654.741:ERROR:process_reader_win.cc(123)] NtOpenThread: {Отказано в доступе} Процесс запросил доступ к объекту, но права на доступ не предоставлены. (0xc0000022)
[0507/114654.741:ERROR:exception_snapshot_win.cc(98)] thread ID 7080 not found in process
[0507/114702.652:ERROR:process_reader_win.cc(123)] NtOpenThread: {Отказано в доступе} Процесс запросил доступ к объекту, но права на доступ не предоставлены. (0xc0000022)
[0507/114702.654:ERROR:exception_snapshot_win.cc(98)] thread ID 3084 not found in process
[0507/114702.725:ERROR:process_reader_win.cc(123)] NtOpenThread: {Отказано в доступе} Процесс запросил доступ к объекту, но права на доступ не предоставлены. (0xc0000022)
[0507/114702.725:ERROR:exception_snapshot_win.cc(98)] thread ID 9580 not found in process
[0507/114824.144:ERROR:process_reader_win.cc(123)] NtOpenThread: {Отказано в доступе} Процесс запросил доступ к объекту, но права на доступ не предоставлены. (0xc0000022)
[0507/114824.147:ERROR:exception_snapshot_win.cc(98)] thread ID 8004 not found in process
[0507/114824.196:ERROR:process_reader_win.cc(123)] NtOpenThread: {Отказано в доступе} Процесс запросил доступ к объекту, но права на доступ не предоставлены. (0xc0000022)
[0507/114824.196:ERROR:exception_snapshot_win.cc(98)] thread ID 2476 not found in process
[0507/114824.298:ERROR:process_reader_win.cc(123)] NtOpenThread: {Отказано в доступе} Процесс запросил доступ к объекту, но права на доступ не предоставлены. (0xc0000022)
[0507/114824.298:ERROR:exception_snapshot_win.cc(98)] thread ID 4200 not found in process
[0507/114824.495:ERROR:process_reader_win.cc(151)] SuspendThread: Отказано в доступе. (0x5)
[0507/114824.496:ERROR:process_reader_win.cc(123)] NtOpenThread: {Отказано в доступе} Процесс запросил доступ к объекту, но права на доступ не предоставлены. (0xc0000022)
[0507/114824.496:ERROR:exception_snapshot_win.cc(98)] thread ID 7016 not found in process
[0507/114950.144:ERROR:process_reader_win.cc(123)] NtOpenThread: {Отказано в доступе} Процесс запросил доступ к объекту, но права на доступ не предоставлены. (0xc0000022)
[0507/114950.146:ERROR:exception_snapshot_win.cc(98)] thread ID 3036 not found in process
[0507/114950.221:ERROR:process_reader_win.cc(123)] NtOpenThread: {Отказано в доступе} Процесс запросил доступ к объекту, но права на доступ не предоставлены. (0xc0000022)
[0507/114950.221:ERROR:exception_snapshot_win.cc(98)] thread ID 9344 not found in process
[0507/115328.704:ERROR:process_reader_win.cc(123)] NtOpenThread: {Отказано в доступе} Процесс запросил доступ к объекту, но права на доступ не предоставлены. (0xc0000022)
[0507/115328.782:ERROR:exception_snapshot_win.cc(98)] thread ID 12776 not found in process
[0507/115329.182:ERROR:process_reader_win.cc(123)] NtOpenThread: {Отказано в доступе} Процесс запросил доступ к объекту, но права на доступ не предоставлены. (0xc0000022)
[0507/115329.182:ERROR:exception_snapshot_win.cc(98)] thread ID 12780 not found in process
[0507/115331.089:ERROR:process_reader_win.cc(123)] NtOpenThread: {Отказано в доступе} Процесс запросил доступ к объекту, но права на доступ не предоставлены. (0xc0000022)
[0507/115331.091:ERROR:exception_snapshot_win.cc(98)] thread ID 12900 not found in process
[0507/115331.208:ERROR:process_reader_win.cc(123)] NtOpenThread: {Отказано в доступе} Процесс запросил доступ к объекту, но права на доступ не предоставлены. (0xc0000022)
[0507/115331.208:ERROR:exception_snapshot_win.cc(98)] thread ID 11032 not found in process
[0507/115332.831:ERROR:process_reader_win.cc(123)] NtOpenThread: {Отказано в доступе} Процесс запросил доступ к объекту, но права на доступ не предоставлены. (0xc0000022)
[0507/115332.833:ERROR:exception_snapshot_win.cc(98)] thread ID 7688 not found in process
[0507/115332.936:ERROR:process_reader_win.cc(123)] NtOpenThread: {Отказано в доступе} Процесс запросил доступ к объекту, но права на доступ не предоставлены. (0xc0000022)
[0507/115332.936:ERROR:exception_snapshot_win.cc(98)] thread ID 1112 not found in process
[0507/115700.121:ERROR:process_reader_win.cc(123)] NtOpenThread: {Отказано в доступе} Процесс запросил доступ к объекту, но права на доступ не предоставлены. (0xc0000022)
[0507/115700.124:ERROR:exception_snapshot_win.cc(98)] thread ID 12940 not found in process
[0507/115700.211:ERROR:process_reader_win.cc(123)] NtOpenThread: {Отказано в доступе} Процесс запросил доступ к объекту, но права на доступ не предоставлены. (0xc0000022)
[0507/115700.211:ERROR:exception_snapshot_win.cc(98)] thread ID 13008 not found in process
[0507/115922.051:ERROR:process_reader_win.cc(123)] NtOpenThread: {Отказано в доступе} Процесс запросил доступ к объекту, но права на доступ не предоставлены. (0xc0000022)
[0507/115922.053:ERROR:exception_snapshot_win.cc(98)] thread ID 392 not found in process
[0507/115922.142:ERROR:process_reader_win.cc(123)] NtOpenThread: {Отказано в доступе} Процесс запросил доступ к объекту, но права на доступ не предоставлены. (0xc0000022)
[0507/115922.142:ERROR:exception_snapshot_win.cc(98)] thread ID 1996 not found in process
[0507/115923.704:ERROR:process_reader_win.cc(123)] NtOpenThread: {Отказано в доступе} Процесс запросил доступ к объекту, но права на доступ не предоставлены. (0xc0000022)
[0507/115923.706:ERROR:exception_snapshot_win.cc(98)] thread ID 6456 not found in process
[0507/115923.796:ERROR:process_reader_win.cc(123)] NtOpenThread: {Отказано в доступе} Процесс запросил доступ к объекту, но права на доступ не предоставлены. (0xc0000022)
[0507/115923.797:ERROR:exception_snapshot_win.cc(98)] thread ID 7964 not found in process
[0507/120057.607:ERROR:process_reader_win.cc(123)] NtOpenThread: {Отказано в доступе} Процесс запросил доступ к объекту, но права на доступ не предоставлены. (0xc0000022)
[0507/120057.609:ERROR:exception_snapshot_win.cc(98)] thread ID 13232 not found in process
[0507/120057.702:ERROR:process_reader_win.cc(123)] NtOpenThread: {Отказано в доступе} Процесс запросил доступ к объекту, но права на доступ не предоставлены. (0xc0000022)
[0507/120057.703:ERROR:exception_snapshot_win.cc(98)] thread ID 12312 not found in process
[0507/120307.494:ERROR:process_reader_win.cc(123)] NtOpenThread: {Отказано в доступе} Процесс запросил доступ к объекту, но права на доступ не предоставлены. (0xc0000022)
[0507/120307.498:ERROR:exception_snapshot_win.cc(98)] thread ID 10292 not found in process
[0507/120307.583:ERROR:process_reader_win.cc(123)] NtOpenThread: {Отказано в доступе} Процесс запросил доступ к объекту, но права на доступ не предоставлены. (0xc0000022)
[0507/120307.583:ERROR:exception_snapshot_win.cc(98)] thread ID 12972 not found in process
[0507/120414.294:ERROR:process_reader_win.cc(123)] NtOpenThread: {Отказано в доступе} Процесс запросил доступ к объекту, но права на доступ не предоставлены. (0xc0000022)
[0507/120414.296:ERROR:exception_snapshot_win.cc(98)] thread ID 12628 not found in process
[0507/120414.379:ERROR:process_reader_win.cc(123)] NtOpenThread: {Отказано в доступе} Процесс запросил доступ к объекту, но права на доступ не предоставлены. (0xc0000022)
[0507/120414.380:ERROR:exception_snapshot_win.cc(98)] thread ID 12888 not found in process
[0507/120843.052:ERROR:process_reader_win.cc(151)] SuspendThread: Отказано в доступе. (0x5)
[0507/120843.054:ERROR:process_reader_win.cc(123)] NtOpenThread: {Отказано в доступе} Процесс запросил доступ к объекту, но права на доступ не предоставлены. (0xc0000022)
[0507/120843.054:ERROR:exception_snapshot_win.cc(98)] thread ID 11180 not found in process
[0507/120843.126:ERROR:process_reader_win.cc(151)] SuspendThread: Отказано в доступе. (0x5)
[0507/120843.126:ERROR:process_reader_win.cc(151)] SuspendThread: Отказано в доступе. (0x5)
[0507/120843.126:ERROR:process_reader_win.cc(151)] SuspendThread: Отказано в доступе. (0x5)
[0507/120843.126:ERROR:process_reader_win.cc(151)] SuspendThread: Отказано в доступе. (0x5)
[0507/120843.126:ERROR:process_reader_win.cc(123)] NtOpenThread: {Отказано в доступе} Процесс запросил доступ к объекту, но права на доступ не предоставлены. (0xc0000022)
[0507/120843.126:ERROR:exception_snapshot_win.cc(98)] thread ID 10720 not found in process
[0507/120844.574:ERROR:process_reader_win.cc(151)] SuspendThread: Отказано в доступе. (0x5)
[0507/120844.579:ERROR:process_reader_win.cc(151)] SuspendThread: Отказано в доступе. (0x5)
[0507/120844.579:ERROR:process_reader_win.cc(151)] SuspendThread: Отказано в доступе. (0x5)
[0507/120844.579:ERROR:process_reader_win.cc(151)] SuspendThread: Отказано в доступе. (0x5)
[0507/120844.579:ERROR:process_reader_win.cc(151)] SuspendThread: Отказано в доступе. (0x5)
[0507/120844.580:ERROR:process_reader_win.cc(151)] SuspendThread: Отказано в доступе. (0x5)
[0507/120844.580:ERROR:process_reader_win.cc(151)] SuspendThread: Отказано в доступе. (0x5)
[0507/120844.580:ERROR:process_reader_win.cc(151)] SuspendThread: Отказано в доступе. (0x5)
[0507/120844.580:ERROR:process_reader_win.cc(151)] SuspendThread: Отказано в доступе. (0x5)
[0507/120844.580:ERROR:process_reader_win.cc(123)] NtOpenThread: {Отказано в доступе} Процесс запросил доступ к объекту, но права на доступ не предоставлены. (0xc0000022)
[0507/120844.581:ERROR:exception_snapshot_win.cc(98)] thread ID 12736 not found in process
[0507/120844.652:ERROR:process_reader_win.cc(151)] SuspendThread: Отказано в доступе. (0x5)
[0507/120844.653:ERROR:process_reader_win.cc(151)] SuspendThread: Отказано в доступе. (0x5)
[0507/120844.653:ERROR:process_reader_win.cc(151)] SuspendThread: Отказано в доступе. (0x5)
[0507/120844.653:ERROR:process_reader_win.cc(151)] SuspendThread: Отказано в доступе. (0x5)
[0507/120844.653:ERROR:process_reader_win.cc(151)] SuspendThread: Отказано в доступе. (0x5)
[0507/120844.653:ERROR:process_reader_win.cc(151)] SuspendThread: Отказано в доступе. (0x5)
[0507/120844.653:ERROR:process_reader_win.cc(123)] NtOpenThread: {Отказано в доступе} Процесс запросил доступ к объекту, но права на доступ не предоставлены. (0xc0000022)
[0507/120844.655:ERROR:exception_snapshot_win.cc(98)] thread ID 9280 not found in process
[0507/124707.281:ERROR:process_reader_win.cc(123)] NtOpenThread: {Отказ доступа} Процесс запросил доступ к объекту, однако права доступа не предоставлены. (0xc0000022)
[0507/124707.327:ERROR:exception_snapshot_win.cc(98)] thread ID 7508 not found in process
[0507/124707.366:ERROR:process_reader_win.cc(123)] NtOpenThread: {Отказ доступа} Процесс запросил доступ к объекту, однако права доступа не предоставлены. (0xc0000022)
[0507/124707.367:ERROR:exception_snapshot_win.cc(98)] thread ID 2040 not found in process
[0507/124707.412:ERROR:process_reader_win.cc(123)] NtOpenThread: {Отказ доступа} Процесс запросил доступ к объекту, однако права доступа не предоставлены. (0xc0000022)
[0507/124707.432:ERROR:exception_snapshot_win.cc(98)] thread ID 7376 not found in process
[0507/124707.467:ERROR:process_reader_win.cc(123)] NtOpenThread: {Отказ доступа} Процесс запросил доступ к объекту, однако права доступа не предоставлены. (0xc0000022)
[0507/124707.467:ERROR:exception_snapshot_win.cc(98)] thread ID 7428 not found in process
[0507/124707.537:ERROR:process_reader_win.cc(123)] NtOpenThread: {Отказ доступа} Процесс запросил доступ к объекту, однако права доступа не предоставлены. (0xc0000022)
[0507/124707.537:ERROR:exception_snapshot_win.cc(98)] thread ID 2792 not found in process
[0507/125932.523:ERROR:process_reader_win.cc(123)] NtOpenThread: {Отказ доступа} Процесс запросил доступ к объекту, однако права доступа не предоставлены. (0xc0000022)
[0507/125932.524:ERROR:exception_snapshot_win.cc(98)] thread ID 6456 not found in process
[0507/125932.548:ERROR:process_reader_win.cc(123)] NtOpenThread: {Отказ доступа} Процесс запросил доступ к объекту, однако права доступа не предоставлены. (0xc0000022)
[0507/125932.548:ERROR:exception_snapshot_win.cc(98)] thread ID 2720 not found in process
[0507/125932.580:ERROR:process_reader_win.cc(123)] NtOpenThread: {Отказ доступа} Процесс запросил доступ к объекту, однако права доступа не предоставлены. (0xc0000022)
[0507/125932.580:ERROR:exception_snapshot_win.cc(98)] thread ID 2520 not found in process
[0507/125932.647:ERROR:process_reader_win.cc(123)] NtOpenThread: {Отказ доступа} Процесс запросил доступ к объекту, однако права доступа не предоставлены. (0xc0000022)
[0507/125932.647:ERROR:exception_snapshot_win.cc(98)] thread ID 7656 not found in process
[0507/130143.422:ERROR:process_reader_win.cc(123)] NtOpenThread: {Отказ доступа} Процесс запросил доступ к объекту, однако права доступа не предоставлены. (0xc0000022)
[0507/130143.423:ERROR:exception_snapshot_win.cc(98)] thread ID 9780 not found in process
[0507/130143.447:ERROR:process_reader_win.cc(123)] NtOpenThread: {Отказ доступа} Процесс запросил доступ к объекту, однако права доступа не предоставлены. (0xc0000022)
[0507/130143.447:ERROR:exception_snapshot_win.cc(98)] thread ID 8436 not found in process
[0507/130143.478:ERROR:process_reader_win.cc(123)] NtOpenThread: {Отказ доступа} Процесс запросил доступ к объекту, однако права доступа не предоставлены. (0xc0000022)
[0507/130143.478:ERROR:exception_snapshot_win.cc(98)] thread ID 9176 not found in process
[0507/130143.523:ERROR:process_reader_win.cc(123)] NtOpenThread: {Отказ доступа} Процесс запросил доступ к объекту, однако права доступа не предоставлены. (0xc0000022)
[0507/130143.523:ERROR:exception_snapshot_win.cc(98)] thread ID 8268 not found in process
[0507/130143.593:ERROR:process_reader_win.cc(123)] NtOpenThread: {Отказ доступа} Процесс запросил доступ к объекту, однако права доступа не предоставлены. (0xc0000022)
[0507/130143.593:ERROR:exception_snapshot_win.cc(98)] thread ID 7380 not found in process
[0507/131208.909:ERROR:process_reader_win.cc(123)] NtOpenThread: {Отказ доступа} Процесс запросил доступ к объекту, однако права доступа не предоставлены. (0xc0000022)
[0507/131208.909:ERROR:exception_snapshot_win.cc(98)] thread ID 5744 not found in process
[0507/131208.932:ERROR:process_reader_win.cc(123)] NtOpenThread: {Отказ доступа} Процесс запросил доступ к объекту, однако права доступа не предоставлены. (0xc0000022)
[0507/131208.932:ERROR:exception_snapshot_win.cc(98)] thread ID 4360 not found in process
[0507/131208.976:ERROR:process_reader_win.cc(123)] NtOpenThread: {Отказ доступа} Процесс запросил доступ к объекту, однако права доступа не предоставлены. (0xc0000022)
[0507/131208.976:ERROR:exception_snapshot_win.cc(98)] thread ID 6132 not found in process
[0507/131209.029:ERROR:process_reader_win.cc(123)] NtOpenThread: {Отказ доступа} Процесс запросил доступ к объекту, однако права доступа не предоставлены. (0xc0000022)
[0507/131209.029:ERROR:exception_snapshot_win.cc(98)] thread ID 5652 not found in process
[0507/131209.100:ERROR:process_reader_win.cc(123)] NtOpenThread: {Отказ доступа} Процесс запросил доступ к объекту, однако права доступа не предоставлены. (0xc0000022)
[0507/131209.100:ERROR:exception_snapshot_win.cc(98)] thread ID 9604 not found in process
[0507/134037.810:ERROR:process_reader_win.cc(123)] NtOpenThread: {Отказ доступа} Процесс запросил доступ к объекту, однако права доступа не предоставлены. (0xc0000022)
[0507/134037.811:ERROR:exception_snapshot_win.cc(98)] thread ID 9420 not found in process
[0507/134037.833:ERROR:process_reader_win.cc(123)] NtOpenThread: {Отказ доступа} Процесс запросил доступ к объекту, однако права доступа не предоставлены. (0xc0000022)
[0507/134037.833:ERROR:exception_snapshot_win.cc(98)] thread ID 9164 not found in process
[0507/134037.864:ERROR:process_reader_win.cc(123)] NtOpenThread: {Отказ доступа} Процесс запросил доступ к объекту, однако права доступа не предоставлены. (0xc0000022)
[0507/134037.864:ERROR:exception_snapshot_win.cc(98)] thread ID 1880 not found in process
[0507/134037.943:ERROR:process_reader_win.cc(123)] NtOpenThread: {Отказ доступа} Процесс запросил доступ к объекту, однако права доступа не предоставлены. (0xc0000022)
[0507/134037.943:ERROR:exception_snapshot_win.cc(98)] thread ID 9736 not found in process
[0507/135349.185:ERROR:process_reader_win.cc(123)] NtOpenThread: {Отказ доступа} Процесс запросил доступ к объекту, однако права доступа не предоставлены. (0xc0000022)
[0507/135349.185:ERROR:exception_snapshot_win.cc(98)] thread ID 6008 not found in process
[0507/135349.206:ERROR:process_reader_win.cc(123)] NtOpenThread: {Отказ доступа} Процесс запросил доступ к объекту, однако права доступа не предоставлены. (0xc0000022)
[0507/135349.206:ERROR:exception_snapshot_win.cc(98)] thread ID 9464 not found in process
[0507/135349.239:ERROR:process_reader_win.cc(123)] NtOpenThread: {Отказ доступа} Процесс запросил доступ к объекту, однако права доступа не предоставлены. (0xc0000022)
[0507/135349.239:ERROR:exception_snapshot_win.cc(98)] thread ID 9436 not found in process
[0507/135349.285:ERROR:process_reader_win.cc(123)] NtOpenThread: {Отказ доступа} Процесс запросил доступ к объекту, однако права доступа не предоставлены. (0xc0000022)
[0507/135349.285:ERROR:exception_snapshot_win.cc(98)] thread ID 3704 not found in process
[0507/135349.354:ERROR:process_reader_win.cc(123)] NtOpenThread: {Отказ доступа} Процесс запросил доступ к объекту, однако права доступа не предоставлены. (0xc0000022)
[0507/135349.354:ERROR:exception_snapshot_win.cc(98)] thread ID 5592 not found in process
[0507/140635.220:ERROR:process_reader_win.cc(123)] NtOpenThread: {Отказ доступа} Процесс запросил доступ к объекту, однако права доступа не предоставлены. (0xc0000022)
[0507/140635.221:ERROR:exception_snapshot_win.cc(98)] thread ID 9776 not found in process
[0507/140635.256:ERROR:process_reader_win.cc(123)] NtOpenThread: {Отказ доступа} Процесс запросил доступ к объекту, однако права доступа не предоставлены. (0xc0000022)
[0507/140635.256:ERROR:exception_snapshot_win.cc(98)] thread ID 9120 not found in process
[0507/140635.291:ERROR:process_reader_win.cc(123)] NtOpenThread: {Отказ доступа} Процесс запросил доступ к объекту, однако права доступа не предоставлены. (0xc0000022)
[0507/140635.291:ERROR:exception_snapshot_win.cc(98)] thread ID 8156 not found in process
[0507/140635.320:ERROR:process_reader_win.cc(123)] NtOpenThread: {Отказ доступа} Процесс запросил доступ к объекту, однако права доступа не предоставлены. (0xc0000022)
[0507/140635.320:ERROR:exception_snapshot_win.cc(98)] thread ID 9672 not found in process
[0507/140635.381:ERROR:process_reader_win.cc(123)] NtOpenThread: {Отказ доступа} Процесс запросил доступ к объекту, однако права доступа не предоставлены. (0xc0000022)
[0507/140635.381:ERROR:exception_snapshot_win.cc(98)] thread ID 2880 not found in process
[0507/143032.285:ERROR:process_reader_win.cc(123)] NtOpenThread: {Отказано в доступе} Процесс запросил доступ к объекту, но права на доступ не предоставлены. (0xc0000022)
[0507/143032.316:ERROR:exception_snapshot_win.cc(98)] thread ID 10864 not found in process
[0507/143032.441:ERROR:process_reader_win.cc(123)] NtOpenThread: {Отказано в доступе} Процесс запросил доступ к объекту, но права на доступ не предоставлены. (0xc0000022)
[0507/143032.441:ERROR:exception_snapshot_win.cc(98)] thread ID 10784 not found in process
[0507/153041.915:ERROR:process_reader_win.cc(123)] NtOpenThread: {Отказано в доступе} Процесс запросил доступ к объекту, но права на доступ не предоставлены. (0xc0000022)
[0507/153041.915:ERROR:exception_snapshot_win.cc(98)] thread ID 10508 not found in process
[0507/153042.203:ERROR:process_reader_win.cc(123)] NtOpenThread: {Отказано в доступе} Процесс запросил доступ к объекту, но права на доступ не предоставлены. (0xc0000022)
[0507/153042.203:ERROR:exception_snapshot_win.cc(98)] thread ID 4224 not found in process
[0507/154959.028:ERROR:process_reader_win.cc(123)] NtOpenThread: {Отказано в доступе} Процесс запросил доступ к объекту, но права на доступ не предоставлены. (0xc0000022)
[0507/154959.059:ERROR:exception_snapshot_win.cc(98)] thread ID 11240 not found in process
[0507/154959.356:ERROR:process_reader_win.cc(123)] NtOpenThread: {Отказано в доступе} Процесс запросил доступ к объекту, но права на доступ не предоставлены. (0xc0000022)
[0507/154959.356:ERROR:exception_snapshot_win.cc(98)] thread ID 11104 not found in process
[0507/155001.255:ERROR:process_reader_win.cc(123)] NtOpenThread: {Отказано в доступе} Процесс запросил доступ к объекту, но права на доступ не предоставлены. (0xc0000022)
[0507/155001.255:ERROR:exception_snapshot_win.cc(98)] thread ID 9932 not found in process
[0507/155001.334:ERROR:process_reader_win.cc(123)] NtOpenThread: {Отказано в доступе} Процесс запросил доступ к объекту, но права на доступ не предоставлены. (0xc0000022)
[0507/155001.334:ERROR:exception_snapshot_win.cc(98)] thread ID 10892 not found in process
[0507/161644.690:ERROR:process_reader_win.cc(123)] NtOpenThread: {Отказано в доступе} Процесс запросил доступ к объекту, но права на доступ не предоставлены. (0xc0000022)
[0507/161644.737:ERROR:exception_snapshot_win.cc(98)] thread ID 10372 not found in process
[0507/161645.112:ERROR:process_reader_win.cc(123)] NtOpenThread: {Отказано в доступе} Процесс запросил доступ к объекту, но права на доступ не предоставлены. (0xc0000022)
[0507/161645.112:ERROR:exception_snapshot_win.cc(98)] thread ID 6104 not found in process
[0507/161647.148:ERROR:process_reader_win.cc(123)] NtOpenThread: {Отказано в доступе} Процесс запросил доступ к объекту, но права на доступ не предоставлены. (0xc0000022)
[0507/161647.163:ERROR:exception_snapshot_win.cc(98)] thread ID 9568 not found in process
[0507/161647.273:ERROR:process_reader_win.cc(123)] NtOpenThread: {Отказано в доступе} Процесс запросил доступ к объекту, но права на доступ не предоставлены. (0xc0000022)
[0507/161647.273:ERROR:exception_snapshot_win.cc(98)] thread ID 6020 not found in process
[0507/162748.281:ERROR:process_reader_win.cc(123)] NtOpenThread: {Отказано в доступе} Процесс запросил доступ к объекту, но права на доступ не предоставлены. (0xc0000022)
[0507/162748.328:ERROR:exception_snapshot_win.cc(98)] thread ID 2876 not found in process
[0507/162748.586:ERROR:process_reader_win.cc(123)] NtOpenThread: {Отказано в доступе} Процесс запросил доступ к объекту, но права на доступ не предоставлены. (0xc0000022)
[0507/162748.586:ERROR:exception_snapshot_win.cc(98)] thread ID 9040 not found in process
[0507/163214.876:ERROR:process_reader_win.cc(123)] NtOpenThread: {Отказано в доступе} Процесс запросил доступ к объекту, но права на доступ не предоставлены. (0xc0000022)
[0507/163214.939:ERROR:exception_snapshot_win.cc(98)] thread ID 6316 not found in process
[0507/163215.186:ERROR:process_reader_win.cc(123)] NtOpenThread: {Отказано в доступе} Процесс запросил доступ к объекту, но права на доступ не предоставлены. (0xc0000022)
[0507/163215.186:ERROR:exception_snapshot_win.cc(98)] thread ID 10476 not found in process
[0508/125328.213:ERROR:process_reader_win.cc(123)] NtOpenThread: {Отказано в доступе} Процесс запросил доступ к объекту, но права на доступ не предоставлены. (0xc0000022)
[0508/125328.244:ERROR:exception_snapshot_win.cc(98)] thread ID 5944 not found in process
[0508/125328.338:ERROR:process_reader_win.cc(123)] NtOpenThread: {Отказано в доступе} Процесс запросил доступ к объекту, но права на доступ не предоставлены. (0xc0000022)
[0508/125328.338:ERROR:exception_snapshot_win.cc(98)] thread ID 5532 not found in process
[0508/130806.335:ERROR:process_reader_win.cc(123)] NtOpenThread: {Отказано в доступе} Процесс запросил доступ к объекту, но права на доступ не предоставлены. (0xc0000022)
[0508/130806.382:ERROR:exception_snapshot_win.cc(98)] thread ID 8532 not found in process
[0508/130806.628:ERROR:process_reader_win.cc(123)] NtOpenThread: {Отказано в доступе} Процесс запросил доступ к объекту, но права на доступ не предоставлены. (0xc0000022)
[0508/130806.628:ERROR:exception_snapshot_win.cc(98)] thread ID 2064 not found in process
[0508/131146.502:ERROR:process_reader_win.cc(123)] NtOpenThread: {Отказано в доступе} Процесс запросил доступ к объекту, но права на доступ не предоставлены. (0xc0000022)
[0508/131146.518:ERROR:exception_snapshot_win.cc(98)] thread ID 8780 not found in process
[0508/131146.658:ERROR:process_reader_win.cc(123)] NtOpenThread: {Отказано в доступе} Процесс запросил доступ к объекту, но права на доступ не предоставлены. (0xc0000022)
[0508/131146.658:ERROR:exception_snapshot_win.cc(98)] thread ID 6564 not found in process
[0508/131427.647:ERROR:process_reader_win.cc(123)] NtOpenThread: {Отказано в доступе} Процесс запросил доступ к объекту, но права на доступ не предоставлены. (0xc0000022)
[0508/131427.647:ERROR:exception_snapshot_win.cc(98)] thread ID 11128 not found in process
[0508/131427.746:ERROR:process_reader_win.cc(123)] NtOpenThread: {Отказано в доступе} Процесс запросил доступ к объекту, но права на доступ не предоставлены. (0xc0000022)
[0508/131427.746:ERROR:exception_snapshot_win.cc(98)] thread ID 2184 not found in process
[0508/160356.085:ERROR:process_reader_win.cc(123)] NtOpenThread: {Отказано в доступе} Процесс запросил доступ к объекту, но права на доступ не предоставлены. (0xc0000022)
[0508/160356.132:ERROR:exception_snapshot_win.cc(98)] thread ID 6500 not found in process
[0508/160356.631:ERROR:process_reader_win.cc(123)] NtOpenThread: {Отказано в доступе} Процесс запросил доступ к объекту, но права на доступ не предоставлены. (0xc0000022)
[0508/160356.631:ERROR:exception_snapshot_win.cc(98)] thread ID 9528 not found in process
[0508/160702.449:ERROR:process_reader_win.cc(123)] NtOpenThread: {Отказано в доступе} Процесс запросил доступ к объекту, но права на доступ не предоставлены. (0xc0000022)
[0508/160702.449:ERROR:exception_snapshot_win.cc(98)] thread ID 5024 not found in process
[0508/160702.512:ERROR:process_reader_win.cc(123)] NtOpenThread: {Отказано в доступе} Процесс запросил доступ к объекту, но права на доступ не предоставлены. (0xc0000022)
[0508/160702.512:ERROR:exception_snapshot_win.cc(98)] thread ID 6552 not found in process
[0508/160949.059:ERROR:process_reader_win.cc(123)] NtOpenThread: {Отказано в доступе} Процесс запросил доступ к объекту, но права на доступ не предоставлены. (0xc0000022)
[0508/160949.059:ERROR:exception_snapshot_win.cc(98)] thread ID 5472 not found in process
[0508/160949.149:ERROR:process_reader_win.cc(123)] NtOpenThread: {Отказано в доступе} Процесс запросил доступ к объекту, но права на доступ не предоставлены. (0xc0000022)
[0508/160949.149:ERROR:exception_snapshot_win.cc(98)] thread ID 4732 not found in process
[0508/161639.043:ERROR:process_reader_win.cc(123)] NtOpenThread: {Отказано в доступе} Процесс запросил доступ к объекту, но права на доступ не предоставлены. (0xc0000022)
[0508/161639.074:ERROR:exception_snapshot_win.cc(98)] thread ID 1760 not found in process
[0508/161639.383:ERROR:process_reader_win.cc(123)] NtOpenThread: {Отказано в доступе} Процесс запросил доступ к объекту, но права на доступ не предоставлены. (0xc0000022)
[0508/161639.383:ERROR:exception_snapshot_win.cc(98)] thread ID 4844 not found in process
[0508/161848.657:ERROR:process_reader_win.cc(123)] NtOpenThread: {Отказано в доступе} Процесс запросил доступ к объекту, но права на доступ не предоставлены. (0xc0000022)
[0508/161848.657:ERROR:exception_snapshot_win.cc(98)] thread ID 5892 not found in process
[0508/161848.720:ERROR:process_reader_win.cc(123)] NtOpenThread: {Отказано в доступе} Процесс запросил доступ к объекту, но права на доступ не предоставлены. (0xc0000022)
[0508/161848.720:ERROR:exception_snapshot_win.cc(98)] thread ID 4984 not found in process
[0508/162113.919:ERROR:process_reader_win.cc(123)] NtOpenThread: {Отказано в доступе} Процесс запросил доступ к объекту, но права на доступ не предоставлены. (0xc0000022)
[0508/162113.919:ERROR:exception_snapshot_win.cc(98)] thread ID 1708 not found in process
[0508/162113.997:ERROR:process_reader_win.cc(123)] NtOpenThread: {Отказано в доступе} Процесс запросил доступ к объекту, но права на доступ не предоставлены. (0xc0000022)
[0508/162113.997:ERROR:exception_snapshot_win.cc(98)] thread ID 10560 not found in process
[0508/162335.439:ERROR:process_reader_win.cc(123)] NtOpenThread: {Отказано в доступе} Процесс запросил доступ к объекту, но права на доступ не предоставлены. (0xc0000022)
[0508/162335.454:ERROR:exception_snapshot_win.cc(98)] thread ID 8708 not found in process
[0508/162335.517:ERROR:process_reader_win.cc(123)] NtOpenThread: {Отказано в доступе} Процесс запросил доступ к объекту, но права на доступ не предоставлены. (0xc0000022)
[0508/162335.517:ERROR:exception_snapshot_win.cc(98)] thread ID 1720 not found in process
[0508/162336.958:ERROR:process_reader_win.cc(123)] NtOpenThread: {Отказано в доступе} Процесс запросил доступ к объекту, но права на доступ не предоставлены. (0xc0000022)
[0508/162336.958:ERROR:exception_snapshot_win.cc(98)] thread ID 1920 not found in process
[0508/162337.036:ERROR:process_reader_win.cc(123)] NtOpenThread: {Отказано в доступе} Процесс запросил доступ к объекту, но права на доступ не предоставлены. (0xc0000022)
[0508/162337.036:ERROR:exception_snapshot_win.cc(98)] thread ID 8640 not found in process
[0508/162545.070:ERROR:process_reader_win.cc(123)] NtOpenThread: {Отказано в доступе} Процесс запросил доступ к объекту, но права на доступ не предоставлены. (0xc0000022)
[0508/162545.070:ERROR:exception_snapshot_win.cc(98)] thread ID 9260 not found in process
[0508/162545.148:ERROR:process_reader_win.cc(123)] NtOpenThread: {Отказано в доступе} Процесс запросил доступ к объекту, но права на доступ не предоставлены. (0xc0000022)
[0508/162545.148:ERROR:exception_snapshot_win.cc(98)] thread ID 9668 not found in process
[0508/162704.450:ERROR:process_reader_win.cc(123)] NtOpenThread: {Отказано в доступе} Процесс запросил доступ к объекту, но права на доступ не предоставлены. (0xc0000022)
[0508/162704.450:ERROR:exception_snapshot_win.cc(98)] thread ID 5180 not found in process
[0508/162704.528:ERROR:process_reader_win.cc(151)] SuspendThread: Отказано в доступе. (0x5)
[0508/162704.528:ERROR:process_reader_win.cc(151)] SuspendThread: Отказано в доступе. (0x5)
[0508/162704.544:ERROR:process_reader_win.cc(151)] SuspendThread: Отказано в доступе. (0x5)
[0508/162704.544:ERROR:process_reader_win.cc(151)] SuspendThread: Отказано в доступе. (0x5)
[0508/162704.544:ERROR:process_reader_win.cc(151)] SuspendThread: Отказано в доступе. (0x5)
[0508/162704.544:ERROR:process_reader_win.cc(123)] NtOpenThread: {Отказано в доступе} Процесс запросил доступ к объекту, но права на доступ не предоставлены. (0xc0000022)
[0508/162704.544:ERROR:exception_snapshot_win.cc(98)] thread ID 924 not found in process
[0508/162742.610:ERROR:process_reader_win.cc(123)] NtOpenThread: {Отказано в доступе} Процесс запросил доступ к объекту, но права на доступ не предоставлены. (0xc0000022)
[0508/162742.612:ERROR:exception_snapshot_win.cc(98)] thread ID 2132 not found in process
[0508/162742.669:ERROR:process_reader_win.cc(151)] SuspendThread: Отказано в доступе. (0x5)
[0508/162742.670:ERROR:process_reader_win.cc(123)] NtOpenThread: {Отказано в доступе} Процесс запросил доступ к объекту, но права на доступ не предоставлены. (0xc0000022)
[0508/162742.671:ERROR:exception_snapshot_win.cc(98)] thread ID 7532 not found in process
[0508/162742.769:ERROR:process_reader_win.cc(151)] SuspendThread: Отказано в доступе. (0x5)
[0508/162742.770:ERROR:process_reader_win.cc(151)] SuspendThread: Отказано в доступе. (0x5)
[0508/162742.770:ERROR:process_reader_win.cc(151)] SuspendThread: Отказано в доступе. (0x5)
[0508/162742.770:ERROR:process_reader_win.cc(151)] SuspendThread: Отказано в доступе. (0x5)
[0508/162742.770:ERROR:process_reader_win.cc(123)] NtOpenThread: {Отказано в доступе} Процесс запросил доступ к объекту, но права на доступ не предоставлены. (0xc0000022)
[0508/162742.770:ERROR:exception_snapshot_win.cc(98)] thread ID 10360 not found in process
[0508/162745.847:ERROR:process_reader_win.cc(123)] NtOpenThread: {Отказано в доступе} Процесс запросил доступ к объекту, но права на доступ не предоставлены. (0xc0000022)
[0508/162745.850:ERROR:exception_snapshot_win.cc(98)] thread ID 3332 not found in process
[0508/162745.930:ERROR:process_reader_win.cc(151)] SuspendThread: Отказано в доступе. (0x5)
[0508/162745.930:ERROR:process_reader_win.cc(123)] NtOpenThread: {Отказано в доступе} Процесс запросил доступ к объекту, но права на доступ не предоставлены. (0xc0000022)
[0508/162745.930:ERROR:exception_snapshot_win.cc(98)] thread ID 8224 not found in process
[0508/162747.953:ERROR:process_reader_win.cc(123)] NtOpenThread: {Отказано в доступе} Процесс запросил доступ к объекту, но права на доступ не предоставлены. (0xc0000022)
[0508/162747.953:ERROR:exception_snapshot_win.cc(98)] thread ID 3336 not found in process
[0508/162945.352:ERROR:process_reader_win.cc(123)] NtOpenThread: {Отказано в доступе} Процесс запросил доступ к объекту, но права на доступ не предоставлены. (0xc0000022)
[0508/162945.352:ERROR:exception_snapshot_win.cc(98)] thread ID 10488 not found in process
[0508/162945.414:ERROR:process_reader_win.cc(151)] SuspendThread: Отказано в доступе. (0x5)
[0508/162945.414:ERROR:process_reader_win.cc(151)] SuspendThread: Отказано в доступе. (0x5)
[0508/162945.414:ERROR:process_reader_win.cc(151)] SuspendThread: Отказано в доступе. (0x5)
[0508/162945.414:ERROR:process_reader_win.cc(151)] SuspendThread: Отказано в доступе. (0x5)
[0508/162945.414:ERROR:process_reader_win.cc(151)] SuspendThread: Отказано в доступе. (0x5)
[0508/162945.414:ERROR:process_reader_win.cc(123)] NtOpenThread: {Отказано в доступе} Процесс запросил доступ к объекту, но права на доступ не предоставлены. (0xc0000022)
[0508/162945.414:ERROR:exception_snapshot_win.cc(98)] thread ID 6240 not found in process
[0508/163217.555:ERROR:process_reader_win.cc(123)] NtOpenThread: {Отказано в доступе} Процесс запросил доступ к объекту, но права на доступ не предоставлены. (0xc0000022)
[0508/163217.557:ERROR:exception_snapshot_win.cc(98)] thread ID 4544 not found in process
[0508/163217.625:ERROR:process_reader_win.cc(123)] NtOpenThread: {Отказано в доступе} Процесс запросил доступ к объекту, но права на доступ не предоставлены. (0xc0000022)
[0508/163217.625:ERROR:exception_snapshot_win.cc(98)] thread ID 3692 not found in process
[0508/163808.137:ERROR:process_reader_win.cc(123)] NtOpenThread: {Отказано в доступе} Процесс запросил доступ к объекту, но права на доступ не предоставлены. (0xc0000022)
[0508/163808.184:ERROR:exception_snapshot_win.cc(98)] thread ID 9888 not found in process
[0508/163808.449:ERROR:process_reader_win.cc(123)] NtOpenThread: {Отказано в доступе} Процесс запросил доступ к объекту, но права на доступ не предоставлены. (0xc0000022)
[0508/163808.449:ERROR:exception_snapshot_win.cc(98)] thread ID 8656 not found in process
[0508/164150.178:ERROR:process_reader_win.cc(123)] NtOpenThread: {Отказано в доступе} Процесс запросил доступ к объекту, но права на доступ не предоставлены. (0xc0000022)
[0508/164150.178:ERROR:exception_snapshot_win.cc(98)] thread ID 10772 not found in process
[0508/164150.256:ERROR:process_reader_win.cc(123)] NtOpenThread: {Отказано в доступе} Процесс запросил доступ к объекту, но права на доступ не предоставлены. (0xc0000022)
[0508/164150.256:ERROR:exception_snapshot_win.cc(98)] thread ID 8328 not found in process
[0508/185619.088:ERROR:process_reader_win.cc(123)] NtOpenThread: {Отказано в доступе} Процесс запросил доступ к объекту, но права на доступ не предоставлены. (0xc0000022)
[0508/185619.104:ERROR:exception_snapshot_win.cc(98)] thread ID 2644 not found in process
[0508/185619.246:ERROR:process_reader_win.cc(123)] NtOpenThread: {Отказано в доступе} Процесс запросил доступ к объекту, но права на доступ не предоставлены. (0xc0000022)
[0508/185619.246:ERROR:exception_snapshot_win.cc(98)] thread ID 7996 not found in process
[0508/205651.251:ERROR:process_reader_win.cc(123)] NtOpenThread: {Отказано в доступе} Процесс запросил доступ к объекту, но права на доступ не предоставлены. (0xc0000022)
[0508/205651.298:ERROR:exception_snapshot_win.cc(98)] thread ID 10700 not found in process
[0508/205651.407:ERROR:process_reader_win.cc(123)] NtOpenThread: {Отказано в доступе} Процесс запросил доступ к объекту, но права на доступ не предоставлены. (0xc0000022)
[0508/205651.407:ERROR:exception_snapshot_win.cc(98)] thread ID 11500 not found in process
[0508/210014.202:ERROR:process_reader_win.cc(123)] NtOpenThread: {Отказано в доступе} Процесс запросил доступ к объекту, но права на доступ не предоставлены. (0xc0000022)
[0508/210014.202:ERROR:exception_snapshot_win.cc(98)] thread ID 9228 not found in process
[0508/210014.296:ERROR:process_reader_win.cc(123)] NtOpenThread: {Отказано в доступе} Процесс запросил доступ к объекту, но права на доступ не предоставлены. (0xc0000022)
[0508/210014.296:ERROR:exception_snapshot_win.cc(98)] thread ID 9448 not found in process
[0508/210350.977:ERROR:process_reader_win.cc(123)] NtOpenThread: {Отказано в доступе} Процесс запросил доступ к объекту, но права на доступ не предоставлены. (0xc0000022)
[0508/210350.977:ERROR:exception_snapshot_win.cc(98)] thread ID 12092 not found in process
[0508/210351.056:ERROR:process_reader_win.cc(123)] NtOpenThread: {Отказано в доступе} Процесс запросил доступ к объекту, но права на доступ не предоставлены. (0xc0000022)
[0508/210351.056:ERROR:exception_snapshot_win.cc(98)] thread ID 10792 not found in process
[0508/210807.595:ERROR:process_reader_win.cc(123)] NtOpenThread: {Отказано в доступе} Процесс запросил доступ к объекту, но права на доступ не предоставлены. (0xc0000022)
[0508/210807.595:ERROR:exception_snapshot_win.cc(98)] thread ID 7452 not found in process
[0508/210807.689:ERROR:process_reader_win.cc(123)] NtOpenThread: {Отказано в доступе} Процесс запросил доступ к объекту, но права на доступ не предоставлены. (0xc0000022)
[0508/210807.689:ERROR:exception_snapshot_win.cc(98)] thread ID 792 not found in process
[0508/211203.945:ERROR:process_reader_win.cc(123)] NtOpenThread: {Отказано в доступе} Процесс запросил доступ к объекту, но права на доступ не предоставлены. (0xc0000022)
[0508/211203.945:ERROR:exception_snapshot_win.cc(98)] thread ID 11080 not found in process
[0508/211204.032:ERROR:process_reader_win.cc(123)] NtOpenThread: {Отказано в доступе} Процесс запросил доступ к объекту, но права на доступ не предоставлены. (0xc0000022)
[0508/211204.032:ERROR:exception_snapshot_win.cc(98)] thread ID 7772 not found in process
[0508/211508.902:ERROR:process_reader_win.cc(123)] NtOpenThread: {Отказано в доступе} Процесс запросил доступ к объекту, но права на доступ не предоставлены. (0xc0000022)
[0508/211508.902:ERROR:exception_snapshot_win.cc(98)] thread ID 8380 not found in process
[0508/211508.980:ERROR:process_reader_win.cc(123)] NtOpenThread: {Отказано в доступе} Процесс запросил доступ к объекту, но права на доступ не предоставлены. (0xc0000022)
[0508/211508.980:ERROR:exception_snapshot_win.cc(98)] thread ID 7732 not found in process
[0508/222140.318:ERROR:process_reader_win.cc(123)] NtOpenThread: {Отказано в доступе} Процесс запросил доступ к объекту, но права на доступ не предоставлены. (0xc0000022)
[0508/222140.334:ERROR:exception_snapshot_win.cc(98)] thread ID 6356 not found in process
[0508/222140.537:ERROR:process_reader_win.cc(151)] SuspendThread: Отказано в доступе. (0x5)
[0508/222140.537:ERROR:process_reader_win.cc(151)] SuspendThread: Отказано в доступе. (0x5)
[0508/222140.537:ERROR:process_reader_win.cc(151)] SuspendThread: Отказано в доступе. (0x5)
[0508/222140.537:ERROR:process_reader_win.cc(151)] SuspendThread: Отказано в доступе. (0x5)
[0508/222140.599:ERROR:process_reader_win.cc(151)] SuspendThread: Отказано в доступе. (0x5)
[0508/222140.599:ERROR:process_reader_win.cc(151)] SuspendThread: Отказано в доступе. (0x5)
[0508/222140.599:ERROR:process_reader_win.cc(151)] SuspendThread: Отказано в доступе. (0x5)
[0508/222140.599:ERROR:process_reader_win.cc(151)] SuspendThread: Отказано в доступе. (0x5)
[0508/222140.599:ERROR:process_reader_win.cc(151)] SuspendThread: Отказано в доступе. (0x5)
[0508/222140.599:ERROR:process_reader_win.cc(151)] SuspendThread: Отказано в доступе. (0x5)
[0508/222140.599:ERROR:process_reader_win.cc(151)] SuspendThread: Отказано в доступе. (0x5)
[0508/222140.599:ERROR:process_reader_win.cc(151)] SuspendThread: Отказано в доступе. (0x5)
[0508/222140.599:ERROR:process_reader_win.cc(151)] SuspendThread: Отказано в доступе. (0x5)
[0508/222140.599:ERROR:process_reader_win.cc(151)] SuspendThread: Отказано в доступе. (0x5)
[0508/222140.599:ERROR:process_reader_win.cc(123)] NtOpenThread: {Отказано в доступе} Процесс запросил доступ к объекту, но права на доступ не предоставлены. (0xc0000022)
[0508/222140.599:ERROR:exception_snapshot_win.cc(98)] thread ID 11820 not found in process
[0511/092703.096:ERROR:process_reader_win.cc(123)] NtOpenThread: {Отказано в доступе} Процесс запросил доступ к объекту, но права на доступ не предоставлены. (0xc0000022)
[0511/092703.127:ERROR:exception_snapshot_win.cc(98)] thread ID 9376 not found in process
[0511/092703.205:ERROR:process_reader_win.cc(123)] NtOpenThread: {Отказано в доступе} Процесс запросил доступ к объекту, но права на доступ не предоставлены. (0xc0000022)
[0511/092703.205:ERROR:exception_snapshot_win.cc(98)] thread ID 7128 not found in process
[0511/093725.571:ERROR:process_reader_win.cc(123)] NtOpenThread: {Отказано в доступе} Процесс запросил доступ к объекту, но права на доступ не предоставлены. (0xc0000022)
[0511/093725.571:ERROR:exception_snapshot_win.cc(98)] thread ID 7828 not found in process
[0511/093725.650:ERROR:process_reader_win.cc(123)] NtOpenThread: {Отказано в доступе} Процесс запросил доступ к объекту, но права на доступ не предоставлены. (0xc0000022)
[0511/093725.650:ERROR:exception_snapshot_win.cc(98)] thread ID 4144 not found in process
[0511/094906.444:ERROR:process_reader_win.cc(123)] NtOpenThread: {Отказано в доступе} Процесс запросил доступ к объекту, но права на доступ не предоставлены. (0xc0000022)
[0511/094906.491:ERROR:exception_snapshot_win.cc(98)] thread ID 9148 not found in process
[0511/094906.631:ERROR:process_reader_win.cc(123)] NtOpenThread: {Отказано в доступе} Процесс запросил доступ к объекту, но права на доступ не предоставлены. (0xc0000022)
[0511/094906.631:ERROR:exception_snapshot_win.cc(98)] thread ID 9476 not found in process
[0513/102618.847:ERROR:process_reader_win.cc(123)] NtOpenThread: {Отказано в доступе} Процесс запросил доступ к объекту, но права на доступ не предоставлены. (0xc0000022)
[0513/102618.885:ERROR:exception_snapshot_win.cc(98)] thread ID 1784 not found in process
[0513/102619.035:ERROR:process_reader_win.cc(151)] SuspendThread: Отказано в доступе. (0x5)
[0513/102619.035:ERROR:process_reader_win.cc(151)] SuspendThread: Отказано в доступе. (0x5)
[0513/102619.035:ERROR:process_reader_win.cc(151)] SuspendThread: Отказано в доступе. (0x5)
[0513/102619.035:ERROR:process_reader_win.cc(151)] SuspendThread: Отказано в доступе. (0x5)
[0513/102619.035:ERROR:process_reader_win.cc(123)] NtOpenThread: {Отказано в доступе} Процесс запросил доступ к объекту, но права на доступ не предоставлены. (0xc0000022)
[0513/102619.035:ERROR:exception_snapshot_win.cc(98)] thread ID 6332 not found in process
[0513/103304.059:ERROR:process_reader_win.cc(123)] NtOpenThread: {Отказано в доступе} Процесс запросил доступ к объекту, но права на доступ не предоставлены. (0xc0000022)
[0513/103304.075:ERROR:exception_snapshot_win.cc(98)] thread ID 3328 not found in process
[0513/103304.340:ERROR:process_reader_win.cc(123)] NtOpenThread: {Отказано в доступе} Процесс запросил доступ к объекту, но права на доступ не предоставлены. (0xc0000022)
[0513/103304.340:ERROR:exception_snapshot_win.cc(98)] thread ID 11248 not found in process
[0513/130712.136:ERROR:process_reader_win.cc(123)] NtOpenThread: {Отказано в доступе} Процесс запросил доступ к объекту, но права на доступ не предоставлены. (0xc0000022)
[0513/130712.214:ERROR:exception_snapshot_win.cc(98)] thread ID 11360 not found in process
[0513/130712.605:ERROR:process_reader_win.cc(123)] NtOpenThread: {Отказано в доступе} Процесс запросил доступ к объекту, но права на доступ не предоставлены. (0xc0000022)
[0513/130712.605:ERROR:exception_snapshot_win.cc(98)] thread ID 11864 not found in process
[0513/131027.553:ERROR:process_reader_win.cc(123)] NtOpenThread: {Отказано в доступе} Процесс запросил доступ к объекту, но права на доступ не предоставлены. (0xc0000022)
[0513/131027.594:ERROR:exception_snapshot_win.cc(98)] thread ID 4844 not found in process
[0513/131027.692:ERROR:process_reader_win.cc(123)] NtOpenThread: {Отказано в доступе} Процесс запросил доступ к объекту, но права на доступ не предоставлены. (0xc0000022)
[0513/131027.692:ERROR:exception_snapshot_win.cc(98)] thread ID 12904 not found in process
[0513/131309.507:ERROR:process_reader_win.cc(123)] NtOpenThread: {Отказано в доступе} Процесс запросил доступ к объекту, но права на доступ не предоставлены. (0xc0000022)
[0513/131309.601:ERROR:exception_snapshot_win.cc(98)] thread ID 240 not found in process
[0513/131310.257:ERROR:process_reader_win.cc(123)] NtOpenThread: {Отказано в доступе} Процесс запросил доступ к объекту, но права на доступ не предоставлены. (0xc0000022)
[0513/131310.257:ERROR:exception_snapshot_win.cc(98)] thread ID 10780 not found in process
[0513/131720.765:ERROR:process_reader_win.cc(123)] NtOpenThread: {Отказано в доступе} Процесс запросил доступ к объекту, но права на доступ не предоставлены. (0xc0000022)
[0513/131720.829:ERROR:exception_snapshot_win.cc(98)] thread ID 11484 not found in process
[0513/131721.170:ERROR:process_reader_win.cc(123)] NtOpenThread: {Отказано в доступе} Процесс запросил доступ к объекту, но права на доступ не предоставлены. (0xc0000022)
[0513/131721.170:ERROR:exception_snapshot_win.cc(98)] thread ID 10264 not found in process
[0518/191817.041:ERROR:process_reader_win.cc(123)] NtOpenThread: {Отказано в доступе} Процесс запросил доступ к объекту, но права на доступ не предоставлены. (0xc0000022)
[0518/191817.073:ERROR:exception_snapshot_win.cc(98)] thread ID 5264 not found in process
[0518/191817.182:ERROR:process_reader_win.cc(123)] NtOpenThread: {Отказано в доступе} Процесс запросил доступ к объекту, но права на доступ не предоставлены. (0xc0000022)
[0518/191817.182:ERROR:exception_snapshot_win.cc(98)] thread ID 5844 not found in process
[0518/193648.231:ERROR:process_reader_win.cc(123)] NtOpenThread: {Отказано в доступе} Процесс запросил доступ к объекту, но права на доступ не предоставлены. (0xc0000022)
[0518/193648.243:ERROR:exception_snapshot_win.cc(98)] thread ID 7104 not found in process
[0518/193648.361:ERROR:process_reader_win.cc(123)] NtOpenThread: {Отказано в доступе} Процесс запросил доступ к объекту, но права на доступ не предоставлены. (0xc0000022)
[0518/193648.361:ERROR:exception_snapshot_win.cc(98)] thread ID 8144 not found in process
[0518/231221.245:ERROR:process_reader_win.cc(123)] NtOpenThread: {Отказано в доступе} Процесс запросил доступ к объекту, но права на доступ не предоставлены. (0xc0000022)
[0518/231221.384:ERROR:exception_snapshot_win.cc(98)] thread ID 8936 not found in process
[0518/231222.869:ERROR:process_reader_win.cc(151)] SuspendThread: Отказано в доступе. (0x5)
[0518/231222.869:ERROR:process_reader_win.cc(151)] SuspendThread: Отказано в доступе. (0x5)
[0518/231222.869:ERROR:process_reader_win.cc(123)] NtOpenThread: {Отказано в доступе} Процесс запросил доступ к объекту, но права на доступ не предоставлены. (0xc0000022)
[0518/231222.869:ERROR:exception_snapshot_win.cc(98)] thread ID 4872 not found in process
[0519/191606.964:ERROR:process_reader_win.cc(123)] NtOpenThread: {Отказано в доступе} Процесс запросил доступ к объекту, но права на доступ не предоставлены. (0xc0000022)
[0519/191607.016:ERROR:exception_snapshot_win.cc(98)] thread ID 9616 not found in process
[0519/191607.102:ERROR:process_reader_win.cc(123)] NtOpenThread: {Отказано в доступе} Процесс запросил доступ к объекту, но права на доступ не предоставлены. (0xc0000022)
[0519/191607.102:ERROR:exception_snapshot_win.cc(98)] thread ID 2260 not found in process
[0519/194250.538:ERROR:process_reader_win.cc(123)] NtOpenThread: {Отказано в доступе} Процесс запросил доступ к объекту, но права на доступ не предоставлены. (0xc0000022)
[0519/194250.588:ERROR:exception_snapshot_win.cc(98)] thread ID 3592 not found in process
[0519/194250.650:ERROR:process_reader_win.cc(123)] NtOpenThread: {Отказано в доступе} Процесс запросил доступ к объекту, но права на доступ не предоставлены. (0xc0000022)
[0519/194250.650:ERROR:exception_snapshot_win.cc(98)] thread ID 1636 not found in process
[0519/195339.366:ERROR:process_reader_win.cc(123)] NtOpenThread: {Отказано в доступе} Процесс запросил доступ к объекту, но права на доступ не предоставлены. (0xc0000022)
[0519/195339.366:ERROR:exception_snapshot_win.cc(98)] thread ID 10364 not found in process
[0519/195339.429:ERROR:process_reader_win.cc(123)] NtOpenThread: {Отказано в доступе} Процесс запросил доступ к объекту, но права на доступ не предоставлены. (0xc0000022)
[0519/195339.429:ERROR:exception_snapshot_win.cc(98)] thread ID 10356 not found in process
[0519/195944.935:ERROR:process_reader_win.cc(151)] SuspendThread: Отказано в доступе. (0x5)
[0519/195944.935:ERROR:process_reader_win.cc(123)] NtOpenThread: {Отказано в доступе} Процесс запросил доступ к объекту, но права на доступ не предоставлены. (0xc0000022)
[0519/195944.935:ERROR:exception_snapshot_win.cc(98)] thread ID 5480 not found in process
[0519/195945.033:ERROR:process_reader_win.cc(151)] SuspendThread: Отказано в доступе. (0x5)
[0519/195945.033:ERROR:process_reader_win.cc(151)] SuspendThread: Отказано в доступе. (0x5)
[0519/195945.033:ERROR:process_reader_win.cc(151)] SuspendThread: Отказано в доступе. (0x5)
[0519/195945.033:ERROR:process_reader_win.cc(151)] SuspendThread: Отказано в доступе. (0x5)
[0519/195945.033:ERROR:process_reader_win.cc(151)] SuspendThread: Отказано в доступе. (0x5)
[0519/195945.033:ERROR:process_reader_win.cc(123)] NtOpenThread: {Отказано в доступе} Процесс запросил доступ к объекту, но права на доступ не предоставлены. (0xc0000022)
[0519/195945.033:ERROR:exception_snapshot_win.cc(98)] thread ID 9212 not found in process
[0519/200328.143:ERROR:process_reader_win.cc(123)] NtOpenThread: {Отказано в доступе} Процесс запросил доступ к объекту, но права на доступ не предоставлены. (0xc0000022)
[0519/200328.143:ERROR:exception_snapshot_win.cc(98)] thread ID 10896 not found in process
[0519/200328.221:ERROR:process_reader_win.cc(123)] NtOpenThread: {Отказано в доступе} Процесс запросил доступ к объекту, но права на доступ не предоставлены. (0xc0000022)
[0519/200328.221:ERROR:exception_snapshot_win.cc(98)] thread ID 5660 not found in process
[0519/200614.515:ERROR:process_reader_win.cc(151)] SuspendThread: Отказано в доступе. (0x5)
[0519/200614.515:ERROR:process_reader_win.cc(123)] NtOpenThread: {Отказано в доступе} Процесс запросил доступ к объекту, но права на доступ не предоставлены. (0xc0000022)
[0519/200614.515:ERROR:exception_snapshot_win.cc(98)] thread ID 3156 not found in process
[0519/200614.578:ERROR:process_reader_win.cc(123)] NtOpenThread: {Отказано в доступе} Процесс запросил доступ к объекту, но права на доступ не предоставлены. (0xc0000022)
[0519/200614.578:ERROR:exception_snapshot_win.cc(98)] thread ID 7388 not found in process
[0519/201129.713:ERROR:process_reader_win.cc(151)] SuspendThread: Отказано в доступе. (0x5)
[0519/201129.713:ERROR:process_reader_win.cc(151)] SuspendThread: Отказано в доступе. (0x5)
[0519/201129.713:ERROR:process_reader_win.cc(151)] SuspendThread: Отказано в доступе. (0x5)
[0519/201129.713:ERROR:process_reader_win.cc(151)] SuspendThread: Отказано в доступе. (0x5)
[0519/201129.713:ERROR:process_reader_win.cc(151)] SuspendThread: Отказано в доступе. (0x5)
[0519/201129.713:ERROR:process_reader_win.cc(151)] SuspendThread: Отказано в доступе. (0x5)
[0519/201129.713:ERROR:process_reader_win.cc(151)] SuspendThread: Отказано в доступе. (0x5)
[0519/201129.713:ERROR:process_reader_win.cc(151)] SuspendThread: Отказано в доступе. (0x5)
[0519/201129.713:ERROR:process_reader_win.cc(151)] SuspendThread: Отказано в доступе. (0x5)
[0519/201129.713:ERROR:process_reader_win.cc(151)] SuspendThread: Отказано в доступе. (0x5)
[0519/201129.713:ERROR:process_reader_win.cc(151)] SuspendThread: Отказано в доступе. (0x5)
[0519/201129.713:ERROR:process_reader_win.cc(123)] NtOpenThread: {Отказано в доступе} Процесс запросил доступ к объекту, но права на доступ не предоставлены. (0xc0000022)
[0519/201129.713:ERROR:exception_snapshot_win.cc(98)] thread ID 5680 not found in process
[0519/201129.798:ERROR:process_reader_win.cc(151)] SuspendThread: Отказано в доступе. (0x5)
[0519/201129.798:ERROR:process_reader_win.cc(151)] SuspendThread: Отказано в доступе. (0x5)
[0519/201129.798:ERROR:process_reader_win.cc(151)] SuspendThread: Отказано в доступе. (0x5)
[0519/201129.798:ERROR:process_reader_win.cc(151)] SuspendThread: Отказано в доступе. (0x5)
[0519/201129.798:ERROR:process_reader_win.cc(123)] NtOpenThread: {Отказано в доступе} Процесс запросил доступ к объекту, но права на доступ не предоставлены. (0xc0000022)
[0519/201129.798:ERROR:exception_snapshot_win.cc(98)] thread ID 9592 not found in process
[0519/202117.354:ERROR:process_reader_win.cc(123)] NtOpenThread: {Отказано в доступе} Процесс запросил доступ к объекту, но права на доступ не предоставлены. (0xc0000022)
[0519/202117.448:ERROR:exception_snapshot_win.cc(98)] thread ID 8792 not found in process
[0519/202117.823:ERROR:process_reader_win.cc(123)] NtOpenThread: {Отказано в доступе} Процесс запросил доступ к объекту, но права на доступ не предоставлены. (0xc0000022)
[0519/202117.823:ERROR:exception_snapshot_win.cc(98)] thread ID 11176 not found in process
[0519/202802.988:ERROR:process_reader_win.cc(123)] NtOpenThread: {Отказано в доступе} Процесс запросил доступ к объекту, но права на доступ не предоставлены. (0xc0000022)
[0519/202803.017:ERROR:exception_snapshot_win.cc(98)] thread ID 10196 not found in process
[0519/202803.155:ERROR:process_reader_win.cc(123)] NtOpenThread: {Отказано в доступе} Процесс запросил доступ к объекту, но права на доступ не предоставлены. (0xc0000022)
[0519/202803.156:ERROR:exception_snapshot_win.cc(98)] thread ID 8580 not found in process
[0519/203037.390:ERROR:process_reader_win.cc(123)] NtOpenThread: {Отказано в доступе} Процесс запросил доступ к объекту, но права на доступ не предоставлены. (0xc0000022)
[0519/203037.426:ERROR:exception_snapshot_win.cc(98)] thread ID 32 not found in process
[0519/203037.879:ERROR:process_reader_win.cc(123)] NtOpenThread: {Отказано в доступе} Процесс запросил доступ к объекту, но права на доступ не предоставлены. (0xc0000022)
[0519/203037.879:ERROR:exception_snapshot_win.cc(98)] thread ID 6248 not found in process
[0519/203815.914:ERROR:process_reader_win.cc(123)] NtOpenThread: {Отказано в доступе} Процесс запросил доступ к объекту, но права на доступ не предоставлены. (0xc0000022)
[0519/203815.943:ERROR:exception_snapshot_win.cc(98)] thread ID 7392 not found in process
[0519/203816.090:ERROR:process_reader_win.cc(123)] NtOpenThread: {Отказано в доступе} Процесс запросил доступ к объекту, но права на доступ не предоставлены. (0xc0000022)
[0519/203816.090:ERROR:exception_snapshot_win.cc(98)] thread ID 2084 not found in process
[0519/204654.036:ERROR:process_reader_win.cc(123)] NtOpenThread: {Отказано в доступе} Процесс запросил доступ к объекту, но права на доступ не предоставлены. (0xc0000022)
[0519/204654.062:ERROR:exception_snapshot_win.cc(98)] thread ID 9836 not found in process
[0519/204654.320:ERROR:process_reader_win.cc(123)] NtOpenThread: {Отказано в доступе} Процесс запросил доступ к объекту, но права на доступ не предоставлены. (0xc0000022)
[0519/204654.321:ERROR:exception_snapshot_win.cc(98)] thread ID 2084 not found in process
[0519/205246.973:ERROR:process_reader_win.cc(123)] NtOpenThread: {Отказано в доступе} Процесс запросил доступ к объекту, но права на доступ не предоставлены. (0xc0000022)
[0519/205246.995:ERROR:exception_snapshot_win.cc(98)] thread ID 9956 not found in process
[0519/205247.100:ERROR:process_reader_win.cc(123)] NtOpenThread: {Отказано в доступе} Процесс запросил доступ к объекту, но права на доступ не предоставлены. (0xc0000022)
[0519/205247.100:ERROR:exception_snapshot_win.cc(98)] thread ID 10236 not found in process
[0519/211733.790:ERROR:process_reader_win.cc(123)] NtOpenThread: {Отказано в доступе} Процесс запросил доступ к объекту, но права на доступ не предоставлены. (0xc0000022)
[0519/211733.853:ERROR:exception_snapshot_win.cc(98)] thread ID 9804 not found in process
[0519/211734.025:ERROR:process_reader_win.cc(123)] NtOpenThread: {Отказано в доступе} Процесс запросил доступ к объекту, но права на доступ не предоставлены. (0xc0000022)
[0519/211734.025:ERROR:exception_snapshot_win.cc(98)] thread ID 5596 not found in process
[0519/222332.576:ERROR:process_reader_win.cc(123)] NtOpenThread: {Отказ доступа} Процесс запросил доступ к объекту, однако права доступа не предоставлены. (0xc0000022)
[0519/222332.628:ERROR:exception_snapshot_win.cc(98)] thread ID 9776 not found in process
[0519/222332.669:ERROR:process_reader_win.cc(123)] NtOpenThread: {Отказ доступа} Процесс запросил доступ к объекту, однако права доступа не предоставлены. (0xc0000022)
[0519/222332.669:ERROR:exception_snapshot_win.cc(98)] thread ID 9240 not found in process
[0519/222332.705:ERROR:process_reader_win.cc(123)] NtOpenThread: {Отказ доступа} Процесс запросил доступ к объекту, однако права доступа не предоставлены. (0xc0000022)
[0519/222332.705:ERROR:exception_snapshot_win.cc(98)] thread ID 8228 not found in process
[0519/222332.768:ERROR:process_reader_win.cc(123)] NtOpenThread: {Отказ доступа} Процесс запросил доступ к объекту, однако права доступа не предоставлены. (0xc0000022)
[0519/222332.768:ERROR:exception_snapshot_win.cc(98)] thread ID 8456 not found in process
[0519/222332.842:ERROR:process_reader_win.cc(123)] NtOpenThread: {Отказ доступа} Процесс запросил доступ к объекту, однако права доступа не предоставлены. (0xc0000022)
[0519/222332.843:ERROR:exception_snapshot_win.cc(98)] thread ID 3936 not found in process
[0520/001150.978:ERROR:process_reader_win.cc(123)] NtOpenThread: {Отказ доступа} Процесс запросил доступ к объекту, однако права доступа не предоставлены. (0xc0000022)
[0520/001150.998:ERROR:exception_snapshot_win.cc(98)] thread ID 10896 not found in process
[0520/001151.024:ERROR:process_reader_win.cc(123)] NtOpenThread: {Отказ доступа} Процесс запросил доступ к объекту, однако права доступа не предоставлены. (0xc0000022)
[0520/001151.024:ERROR:exception_snapshot_win.cc(98)] thread ID 10220 not found in process
[0520/001151.057:ERROR:process_reader_win.cc(123)] NtOpenThread: {Отказ доступа} Процесс запросил доступ к объекту, однако права доступа не предоставлены. (0xc0000022)
[0520/001151.057:ERROR:exception_snapshot_win.cc(98)] thread ID 11100 not found in process
[0520/001151.248:ERROR:process_reader_win.cc(123)] NtOpenThread: {Отказ доступа} Процесс запросил доступ к объекту, однако права доступа не предоставлены. (0xc0000022)
[0520/001151.248:ERROR:exception_snapshot_win.cc(98)] thread ID 9168 not found in process
[0520/001151.472:ERROR:process_reader_win.cc(123)] NtOpenThread: {Отказ доступа} Процесс запросил доступ к объекту, однако права доступа не предоставлены. (0xc0000022)
[0520/001151.472:ERROR:exception_snapshot_win.cc(98)] thread ID 5916 not found in process
[0520/004616.208:ERROR:process_reader_win.cc(123)] NtOpenThread: {Отказ доступа} Процесс запросил доступ к объекту, однако права доступа не предоставлены. (0xc0000022)
[0520/004616.209:ERROR:exception_snapshot_win.cc(98)] thread ID 9340 not found in process
[0520/004616.230:ERROR:process_reader_win.cc(123)] NtOpenThread: {Отказ доступа} Процесс запросил доступ к объекту, однако права доступа не предоставлены. (0xc0000022)
[0520/004616.230:ERROR:exception_snapshot_win.cc(98)] thread ID 7272 not found in process
[0520/004616.257:ERROR:process_reader_win.cc(123)] NtOpenThread: {Отказ доступа} Процесс запросил доступ к объекту, однако права доступа не предоставлены. (0xc0000022)
[0520/004616.257:ERROR:exception_snapshot_win.cc(98)] thread ID 10564 not found in process
[0520/004616.301:ERROR:process_reader_win.cc(123)] NtOpenThread: {Отказ доступа} Процесс запросил доступ к объекту, однако права доступа не предоставлены. (0xc0000022)
[0520/004616.301:ERROR:exception_snapshot_win.cc(98)] thread ID 5500 not found in process
[0520/004616.367:ERROR:process_reader_win.cc(123)] NtOpenThread: {Отказ доступа} Процесс запросил доступ к объекту, однако права доступа не предоставлены. (0xc0000022)
[0520/004616.368:ERROR:exception_snapshot_win.cc(98)] thread ID 1872 not found in process
